# JRE version: Java(TM) SE Runtime Environment (11.0.2+9) (build 11.0.2+9-LTS)
# Java VM: Java HotSpot(TM) 64-Bit Server VM (11.0.2+9-LTS, mixed mode, tiered, compressed oops, g1 gc, windows-amd64)
Heap:
 garbage-first heap   total 95232K, used 39915K [0x00000000c1800000, 0x0000000100000000)
  region size 1024K, 26 young (26624K), 6 survivors (6144K)
 Metaspace       used 46638K, capacity 48033K, committed 48176K, reserved 1091584K
  class space    used 5945K, capacity 6473K, committed 6528K, reserved 1048576K
GC Heap History (10 events):
Event: 8.344 GC heap before
{Heap before GC invocations=11 (full 0):
 garbage-first heap   total 78848K, used 50710K [0x00000000c1800000, 0x0000000100000000)
  region size 1024K, 42 young (43008K), 5 survivors (5120K)
 Metaspace       used 34865K, capacity 35844K, committed 35888K, reserved 1081344K
  class space    used 4085K, capacity 4450K, committed 4480K, reserved 1048576K
}
Event: 8.359 GC heap after
{Heap after GC invocations=12 (full 0):
 garbage-first heap   total 78848K, used 14892K [0x00000000c1800000, 0x0000000100000000)
  region size 1024K, 5 young (5120K), 5 survivors (5120K)
 Metaspace       used 34865K, capacity 35844K, committed 35888K, reserved 1081344K
  class space    used 4085K, capacity 4450K, committed 4480K, reserved 1048576K
}
Event: 9.536 GC heap before
{Heap before GC invocations=13 (full 0):
 garbage-first heap   total 78848K, used 55852K [0x00000000c1800000, 0x0000000100000000)
  region size 1024K, 46 young (47104K), 5 survivors (5120K)
 Metaspace       used 37585K, capacity 38656K, committed 38960K, reserved 1083392K
  class space    used 4498K, capacity 4912K, committed 4992K, reserved 1048576K
}
Event: 9.545 GC heap after
{Heap after GC invocations=14 (full 0):
 garbage-first heap   total 95232K, used 15535K [0x00000000c1800000, 0x0000000100000000)
  region size 1024K, 4 young (4096K), 4 survivors (4096K)
 Metaspace       used 37585K, capacity 38656K, committed 38960K, reserved 1083392K
  class space    used 4498K, capacity 4912K, committed 4992K, reserved 1048576K
}
Event: 10.693 GC heap before
{Heap before GC invocations=14 (full 0):
 garbage-first heap   total 95232K, used 67759K [0x00000000c1800000, 0x0000000100000000)
  region size 1024K, 55 young (56320K), 4 survivors (4096K)
 Metaspace       used 41260K, capacity 42299K, committed 42416K, reserved 1085440K
  class space    used 5201K, capacity 5611K, committed 5632K, reserved 1048576K
}
Event: 10.701 GC heap after
{Heap after GC invocations=15 (full 0):
 garbage-first heap   total 95232K, used 15959K [0x00000000c1800000, 0x0000000100000000)
  region size 1024K, 4 young (4096K), 4 survivors (4096K)
 Metaspace       used 41260K, capacity 42299K, committed 42416K, reserved 1085440K
  class space    used 5201K, capacity 5611K, committed 5632K, reserved 1048576K
}
Event: 11.947 GC heap before
{Heap before GC invocations=15 (full 0):
 garbage-first heap   total 95232K, used 68183K [0x00000000c1800000, 0x0000000100000000)
  region size 1024K, 55 young (56320K), 4 survivors (4096K)
 Metaspace       used 43401K, capacity 44585K, committed 44848K, reserved 1087488K
  class space    used 5505K, capacity 5964K, committed 6016K, reserved 1048576K
}
Event: 11.958 GC heap after
{Heap after GC invocations=16 (full 0):
 garbage-first heap   total 95232K, used 18545K [0x00000000c1800000, 0x0000000100000000)
  region size 1024K, 7 young (7168K), 7 survivors (7168K)
 Metaspace       used 43401K, capacity 44585K, committed 44848K, reserved 1087488K
  class space    used 5505K, capacity 5964K, committed 6016K, reserved 1048576K
}
Event: 13.045 GC heap before
{Heap before GC invocations=16 (full 0):
 garbage-first heap   total 95232K, used 67697K [0x00000000c1800000, 0x0000000100000000)
  region size 1024K, 55 young (56320K), 7 survivors (7168K)
 Metaspace       used 45037K, capacity 46285K, committed 46384K, reserved 1089536K
  class space    used 5721K, capacity 6190K, committed 6272K, reserved 1048576K
}
Event: 13.059 GC heap after
{Heap after GC invocations=17 (full 0):
 garbage-first heap   total 95232K, used 20459K [0x00000000c1800000, 0x0000000100000000)
  region size 1024K, 6 young (6144K), 6 survivors (6144K)
 Metaspace       used 45037K, capacity 46285K, committed 46384K, reserved 1089536K
  class space    used 5721K, capacity 6190K, committed 6272K, reserved 1048576K
}

